[2014-08-14 15:45:21] production.ERROR: exception 'Symfony\Component\HttpKernel\Exception\NotFoundHttpException' in C:\xampp\htdocs\estancia\bootstrap\compiled.php:5687
Stack trace:
#0 C:\xampp\htdocs\estancia\bootstrap\compiled.php(5004): Illuminate\Routing\RouteCollection->match(Object(Illuminate\Http\Request))
#1 C:\xampp\htdocs\estancia\bootstrap\compiled.php(4992): Illuminate\Routing\Router->findRoute(Object(Illuminate\Http\Request))
#2 C:\xampp\htdocs\estancia\bootstrap\compiled.php(4984): Illuminate\Routing\Router->dispatchToRoute(Object(Illuminate\Http\Request))
#3 C:\xampp\htdocs\estancia\bootstrap\compiled.php(717): Illuminate\Routing\Router->dispatch(Object(Illuminate\Http\Request))
#4 C:\xampp\htdocs\estancia\bootstrap\compiled.php(698): Illuminate\Foundation\Application->dispatch(Object(Illuminate\Http\Request))
#5 C:\xampp\htdocs\estancia\bootstrap\compiled.php(7706): Illuminate\Foundation\Application->handle(Object(Illuminate\Http\Request), 1, true)
#6 C:\xampp\htdocs\estancia\bootstrap\compiled.php(8309): Illuminate\Session\Middleware->handle(Object(Illuminate\Http\Request), 1, true)
#7 C:\xampp\htdocs\estancia\bootstrap\compiled.php(8256): Illuminate\Cookie\Queue->handle(Object(Illuminate\Http\Request), 1, true)
#8 C:\xampp\htdocs\estancia\bootstrap\compiled.php(10895): Illuminate\Cookie\Guard->handle(Object(Illuminate\Http\Request), 1, true)
#9 C:\xampp\htdocs\estancia\bootstrap\compiled.php(659): Stack\StackedHttpKernel->handle(Object(Illuminate\Http\Request))
#10 C:\xampp\htdocs\estancia\public\index.php(49): Illuminate\Foundation\Application->run()
#11 {main} [] []
[2014-08-14 15:45:22] production.ERROR: exception 'BadMethodCallException' with message 'Method [getProductos] does not exist.' in C:\xampp\htdocs\estancia\vendor\laravel\framework\src\Illuminate\Routing\Controller.php:268
Stack trace:
#0 [internal function]: Illuminate\Routing\Controller->__call('getProductos', Array)
#1 [internal function]: ProductoController->getProductos()
#2 C:\xampp\htdocs\estancia\vendor\laravel\framework\src\Illuminate\Routing\Controller.php(231): call_user_func_array(Array, Array)
#3 C:\xampp\htdocs\estancia\bootstrap\compiled.php(5784): Illuminate\Routing\Controller->callAction('getProductos', Array)
#4 C:\xampp\htdocs\estancia\bootstrap\compiled.php(5772): Illuminate\Routing\ControllerDispatcher->call(Object(ProductoController), Object(Illuminate\Routing\Route), 'getProductos')
#5 C:\xampp\htdocs\estancia\bootstrap\compiled.php(4971): Illuminate\Routing\ControllerDispatcher->dispatch(Object(Illuminate\Routing\Route), Object(Illuminate\Http\Request), 'ProductoControl...', 'getProductos')
#6 [internal function]: Illuminate\Routing\Router->Illuminate\Routing\{closure}()
#7 C:\xampp\htdocs\estancia\bootstrap\compiled.php(5330): call_user_func_array(Object(Closure), Array)
#8 C:\xampp\htdocs\estancia\bootstrap\compiled.php(4996): Illuminate\Routing\Route->run(Object(Illuminate\Http\Request))
#9 C:\xampp\htdocs\estancia\bootstrap\compiled.php(4984): Illuminate\Routing\Router->dispatchToRoute(Object(Illuminate\Http\Request))
#10 C:\xampp\htdocs\estancia\bootstrap\compiled.php(717): Illuminate\Routing\Router->dispatch(Object(Illuminate\Http\Request))
#11 C:\xampp\htdocs\estancia\bootstrap\compiled.php(698): Illuminate\Foundation\Application->dispatch(Object(Illuminate\Http\Request))
#12 C:\xampp\htdocs\estancia\bootstrap\compiled.php(7706): Illuminate\Foundation\Application->handle(Object(Illuminate\Http\Request), 1, true)
#13 C:\xampp\htdocs\estancia\bootstrap\compiled.php(8309): Illuminate\Session\Middleware->handle(Object(Illuminate\Http\Request), 1, true)
#14 C:\xampp\htdocs\estancia\bootstrap\compiled.php(8256): Illuminate\Cookie\Queue->handle(Object(Illuminate\Http\Request), 1, true)
#15 C:\xampp\htdocs\estancia\bootstrap\compiled.php(10895): Illuminate\Cookie\Guard->handle(Object(Illuminate\Http\Request), 1, true)
#16 C:\xampp\htdocs\estancia\bootstrap\compiled.php(659): Stack\StackedHttpKernel->handle(Object(Illuminate\Http\Request))
#17 C:\xampp\htdocs\estancia\public\index.php(49): Illuminate\Foundation\Application->run()
#18 {main} [] []
[2014-08-14 15:45:42] production.ERROR: exception 'BadMethodCallException' with message 'Method [getProductos] does not exist.' in C:\xampp\htdocs\estancia\vendor\laravel\framework\src\Illuminate\Routing\Controller.php:268
Stack trace:
#0 [internal function]: Illuminate\Routing\Controller->__call('getProductos', Array)
#1 [internal function]: ProductoController->getProductos()
#2 C:\xampp\htdocs\estancia\vendor\laravel\framework\src\Illuminate\Routing\Controller.php(231): call_user_func_array(Array, Array)
#3 C:\xampp\htdocs\estancia\bootstrap\compiled.php(5784): Illuminate\Routing\Controller->callAction('getProductos', Array)
#4 C:\xampp\htdocs\estancia\bootstrap\compiled.php(5772): Illuminate\Routing\ControllerDispatcher->call(Object(ProductoController), Object(Illuminate\Routing\Route), 'getProductos')
#5 C:\xampp\htdocs\estancia\bootstrap\compiled.php(4971): Illuminate\Routing\ControllerDispatcher->dispatch(Object(Illuminate\Routing\Route), Object(Illuminate\Http\Request), 'ProductoControl...', 'getProductos')
#6 [internal function]: Illuminate\Routing\Router->Illuminate\Routing\{closure}()
#7 C:\xampp\htdocs\estancia\bootstrap\compiled.php(5330): call_user_func_array(Object(Closure), Array)
#8 C:\xampp\htdocs\estancia\bootstrap\compiled.php(4996): Illuminate\Routing\Route->run(Object(Illuminate\Http\Request))
#9 C:\xampp\htdocs\estancia\bootstrap\compiled.php(4984): Illuminate\Routing\Router->dispatchToRoute(Object(Illuminate\Http\Request))
#10 C:\xampp\htdocs\estancia\bootstrap\compiled.php(717): Illuminate\Routing\Router->dispatch(Object(Illuminate\Http\Request))
#11 C:\xampp\htdocs\estancia\bootstrap\compiled.php(698): Illuminate\Foundation\Application->dispatch(Object(Illuminate\Http\Request))
#12 C:\xampp\htdocs\estancia\bootstrap\compiled.php(7706): Illuminate\Foundation\Application->handle(Object(Illuminate\Http\Request), 1, true)
#13 C:\xampp\htdocs\estancia\bootstrap\compiled.php(8309): Illuminate\Session\Middleware->handle(Object(Illuminate\Http\Request), 1, true)
#14 C:\xampp\htdocs\estancia\bootstrap\compiled.php(8256): Illuminate\Cookie\Queue->handle(Object(Illuminate\Http\Request), 1, true)
#15 C:\xampp\htdocs\estancia\bootstrap\compiled.php(10895): Illuminate\Cookie\Guard->handle(Object(Illuminate\Http\Request), 1, true)
#16 C:\xampp\htdocs\estancia\bootstrap\compiled.php(659): Stack\StackedHttpKernel->handle(Object(Illuminate\Http\Request))
#17 C:\xampp\htdocs\estancia\public\index.php(49): Illuminate\Foundation\Application->run()
#18 {main} [] []
[2014-08-14 15:45:54] production.ERROR: exception 'BadMethodCallException' with message 'Method [getProductos] does not exist.' in C:\xampp\htdocs\estancia\vendor\laravel\framework\src\Illuminate\Routing\Controller.php:268
Stack trace:
#0 [internal function]: Illuminate\Routing\Controller->__call('getProductos', Array)
#1 [internal function]: ProductoController->getProductos()
#2 C:\xampp\htdocs\estancia\vendor\laravel\framework\src\Illuminate\Routing\Controller.php(231): call_user_func_array(Array, Array)
#3 C:\xampp\htdocs\estancia\bootstrap\compiled.php(5784): Illuminate\Routing\Controller->callAction('getProductos', Array)
#4 C:\xampp\htdocs\estancia\bootstrap\compiled.php(5772): Illuminate\Routing\ControllerDispatcher->call(Object(ProductoController), Object(Illuminate\Routing\Route), 'getProductos')
#5 C:\xampp\htdocs\estancia\bootstrap\compiled.php(4971): Illuminate\Routing\ControllerDispatcher->dispatch(Object(Illuminate\Routing\Route), Object(Illuminate\Http\Request), 'ProductoControl...', 'getProductos')
#6 [internal function]: Illuminate\Routing\Router->Illuminate\Routing\{closure}()
#7 C:\xampp\htdocs\estancia\bootstrap\compiled.php(5330): call_user_func_array(Object(Closure), Array)
#8 C:\xampp\htdocs\estancia\bootstrap\compiled.php(4996): Illuminate\Routing\Route->run(Object(Illuminate\Http\Request))
#9 C:\xampp\htdocs\estancia\bootstrap\compiled.php(4984): Illuminate\Routing\Router->dispatchToRoute(Object(Illuminate\Http\Request))
#10 C:\xampp\htdocs\estancia\bootstrap\compiled.php(717): Illuminate\Routing\Router->dispatch(Object(Illuminate\Http\Request))
#11 C:\xampp\htdocs\estancia\bootstrap\compiled.php(698): Illuminate\Foundation\Application->dispatch(Object(Illuminate\Http\Request))
#12 C:\xampp\htdocs\estancia\bootstrap\compiled.php(7706): Illuminate\Foundation\Application->handle(Object(Illuminate\Http\Request), 1, true)
#13 C:\xampp\htdocs\estancia\bootstrap\compiled.php(8309): Illuminate\Session\Middleware->handle(Object(Illuminate\Http\Request), 1, true)
#14 C:\xampp\htdocs\estancia\bootstrap\compiled.php(8256): Illuminate\Cookie\Queue->handle(Object(Illuminate\Http\Request), 1, true)
#15 C:\xampp\htdocs\estancia\bootstrap\compiled.php(10895): Illuminate\Cookie\Guard->handle(Object(Illuminate\Http\Request), 1, true)
#16 C:\xampp\htdocs\estancia\bootstrap\compiled.php(659): Stack\StackedHttpKernel->handle(Object(Illuminate\Http\Request))
#17 C:\xampp\htdocs\estancia\public\index.php(49): Illuminate\Foundation\Application->run()
#18 {main} [] []
[2014-08-14 15:48:14] production.ERROR: exception 'BadMethodCallException' with message 'Method [getProductos] does not exist.' in C:\xampp\htdocs\estancia\vendor\laravel\framework\src\Illuminate\Routing\Controller.php:268
Stack trace:
#0 [internal function]: Illuminate\Routing\Controller->__call('getProductos', Array)
#1 [internal function]: ProductoController->getProductos()
#2 C:\xampp\htdocs\estancia\vendor\laravel\framework\src\Illuminate\Routing\Controller.php(231): call_user_func_array(Array, Array)
#3 C:\xampp\htdocs\estancia\bootstrap\compiled.php(5784): Illuminate\Routing\Controller->callAction('getProductos', Array)
#4 C:\xampp\htdocs\estancia\bootstrap\compiled.php(5772): Illuminate\Routing\ControllerDispatcher->call(Object(ProductoController), Object(Illuminate\Routing\Route), 'getProductos')
#5 C:\xampp\htdocs\estancia\bootstrap\compiled.php(4971): Illuminate\Routing\ControllerDispatcher->dispatch(Object(Illuminate\Routing\Route), Object(Illuminate\Http\Request), 'ProductoControl...', 'getProductos')
#6 [internal function]: Illuminate\Routing\Router->Illuminate\Routing\{closure}()
#7 C:\xampp\htdocs\estancia\bootstrap\compiled.php(5330): call_user_func_array(Object(Closure), Array)
#8 C:\xampp\htdocs\estancia\bootstrap\compiled.php(4996): Illuminate\Routing\Route->run(Object(Illuminate\Http\Request))
#9 C:\xampp\htdocs\estancia\bootstrap\compiled.php(4984): Illuminate\Routing\Router->dispatchToRoute(Object(Illuminate\Http\Request))
#10 C:\xampp\htdocs\estancia\bootstrap\compiled.php(717): Illuminate\Routing\Router->dispatch(Object(Illuminate\Http\Request))
#11 C:\xampp\htdocs\estancia\bootstrap\compiled.php(698): Illuminate\Foundation\Application->dispatch(Object(Illuminate\Http\Request))
#12 C:\xampp\htdocs\estancia\bootstrap\compiled.php(7706): Illuminate\Foundation\Application->handle(Object(Illuminate\Http\Request), 1, true)
#13 C:\xampp\htdocs\estancia\bootstrap\compiled.php(8309): Illuminate\Session\Middleware->handle(Object(Illuminate\Http\Request), 1, true)
#14 C:\xampp\htdocs\estancia\bootstrap\compiled.php(8256): Illuminate\Cookie\Queue->handle(Object(Illuminate\Http\Request), 1, true)
#15 C:\xampp\htdocs\estancia\bootstrap\compiled.php(10895): Illuminate\Cookie\Guard->handle(Object(Illuminate\Http\Request), 1, true)
#16 C:\xampp\htdocs\estancia\bootstrap\compiled.php(659): Stack\StackedHttpKernel->handle(Object(Illuminate\Http\Request))
#17 C:\xampp\htdocs\estancia\public\index.php(49): Illuminate\Foundation\Application->run()
#18 {main} [] []
